<?xml version="1.0" encoding="UTF-8"?>
<testsuite name="Cucumber" time="92.525" tests="22" skipped="0" failures="11" errors="0">
<testcase classname="US1001 kullanici amazonda arama yapar" name="kullanici amazonda nutella aratir" time="9.788">
<system-out><![CDATA[
Given kullanici Amazon anasayfaya gider.....................................passed
Then arama kutusuna Nutella yazar ve enter tusuna basar.....................passed
And arama sonuclarinin Nutella icerdigini test eder.........................passed
And sayfayi kapatir.........................................................passed
]]></system-out>
</testcase>
<testcase classname="US1001 kullanici amazonda arama yapar" name="TC02 kullanici Amazonda Java aratir" time="10.015">
<system-out><![CDATA[
Given kullanici Amazon anasayfaya gider.....................................passed
When arama kutusuna Java yazar ve enter tusuna basar........................passed
Then arama sonuclarinin Java icerdigini test eder...........................passed
And sayfayi kapatir.........................................................passed
]]></system-out>
</testcase>
<testcase classname="US1001 kullanici amazonda arama yapar" name="TC03 kullanici Amazonda Apple aratir" time="5.333">
<system-out><![CDATA[
Given kullanici Amazon anasayfaya gider.....................................passed
When arama kutusuna Apple yazar ve enter tusuna basar.......................passed
Then arama sonuclarinin Apple icerdigini test eder..........................passed
And sayfayi kapatir.........................................................passed
]]></system-out>
</testcase>
<testcase classname="US1002 Kullanici Background kullanarak Amazonda arama yapar" name="TC04 Kullanici Amazonda Nutella aratir" time="10.01">
<system-out><![CDATA[
Given kullanici Amazon anasayfaya gider.....................................passed
Then arama kutusuna Nutella yazar ve enter tusuna basar.....................passed
And arama sonuclarinin Nutella icerdigini test eder.........................passed
And sayfayi kapatir.........................................................passed
]]></system-out>
</testcase>
<testcase classname="US1002 Kullanici Background kullanarak Amazonda arama yapar" name="TC05 kullanici Amazonda Java aratir" time="7.425">
<system-out><![CDATA[
Given kullanici Amazon anasayfaya gider.....................................passed
When arama kutusuna Java yazar ve enter tusuna basar........................passed
Then arama sonuclarinin Java icerdigini test eder...........................passed
And sayfayi kapatir.........................................................passed
]]></system-out>
</testcase>
<testcase classname="US1002 Kullanici Background kullanarak Amazonda arama yapar" name="TC06 kullanici Amazonda Apple aratir" time="5.336">
<system-out><![CDATA[
Given kullanici Amazon anasayfaya gider.....................................passed
When arama kutusuna Apple yazar ve enter tusuna basar.......................passed
Then arama sonuclarinin Apple icerdigini test eder..........................passed
And sayfayi kapatir.........................................................passed
]]></system-out>
</testcase>
<testcase classname="US1003 Kullanici Amazonda parametre olarak yazdigi kelimeyi aratir" name="TC07 Kullanici parametre ile arama yaptirabilmeli" time="9.502">
<system-out><![CDATA[
Given kullanici Amazon anasayfaya gider.....................................passed
Then amazonda "Samsung" icin arama yapar....................................passed
And sonuclarin "Samsung" icerdigini test eder...............................passed
And 3 saniye bekler.........................................................passed
And sayfayi kapatir.........................................................passed
]]></system-out>
</testcase>
<testcase classname="US1004 kullanici parametre olarak girdigi Url'e gider" name="TC08 Kullanici url'i parametre olarak girebilmeli" time="4.968">
<system-out><![CDATA[
Given kullanici "amazonUrl" anasayfaya gider................................passed
And 2 saniye bekler.........................................................passed
Then "amazonUrl" sayfasina gittigini test eder..............................passed
And sayfayi kapatir.........................................................passed
]]></system-out>
</testcase>
<testcase classname="US1005 Kullanici amazonda urun aratip 2.urun detaylarini test eder" name="TC09 Kullanici arama sonuclarinda istedigi urunu test edebilmeli" time="14.023">
<system-out><![CDATA[
Given kullanici "amazonUrl" anasayfaya gider................................passed
When amazonda "Nutella" icin arama yapar....................................passed
And 2 saniye bekler.........................................................passed
And 2.urune gider...........................................................passed
Then urun isminin "Nutella" icerdigini test eder............................passed
And sayfayi kapatir.........................................................passed
]]></system-out>
</testcase>
<testcase classname="US1006 Kullanici Scenario outline ile birden fazla kelime aratir" name="TC10 Amazon coklu urun testi - Example #1.1" time="7.611">
<system-out><![CDATA[
Given kullanici "amazonUrl" anasayfaya gider................................passed
Then amazonda "Nutella" icin arama yapar....................................passed
And sonuclarin "Nutella" icerdigini test eder...............................passed
]]></system-out>
</testcase>
<testcase classname="US1006 Kullanici Scenario outline ile birden fazla kelime aratir" name="TC10 Amazon coklu urun testi - Example #1.2" time="5.668">
<system-out><![CDATA[
Given kullanici "amazonUrl" anasayfaya gider................................passed
Then amazonda "Java" icin arama yapar.......................................passed
And sonuclarin "Java" icerdigini test eder..................................passed
]]></system-out>
</testcase>
<testcase classname="US1006 Kullanici Scenario outline ile birden fazla kelime aratir" name="TC10 Amazon coklu urun testi - Example #1.3" time="2.603">
<failure type="org.openqa.selenium.NoSuchWindowException" message="no such window: target window already closed
from unknown error: web view not found
  (Session info: chrome=111.0.5563.64)
Build info: version: '4.8.0', revision: '267030adea'
System info: os.name: 'Mac OS X', os.arch: 'aarch64', os.version: '12.6.3', java.version: '11.0.18'
Driver info: org.openqa.selenium.chrome.ChromeDriver
Command: [57cf31ee84db1110461ceaed15330ba8, findElement {using=xpath, value=//h1[@class='a-size-base s-desktop-toolbar a-text-normal']}]
Capabilities {acceptInsecureCerts: false, browserName: chrome, browserVersion: 111.0.5563.64, chrome: {chromedriverVersion: 111.0.5563.64 (c710e93d5b63..., userDataDir: /var/folders/hr/zj84595n5x1...}, goog:chromeOptions: {debuggerAddress: localhost:50521}, networkConnectionEnabled: false, pageLoadStrategy: normal, platformName: MAC, proxy: Proxy(), se:cdp: ws://localhost:50521/devtoo..., se:cdpVersion: 111.0.5563.64, setWindowRect: true, strictFileInteractability: false, timeouts: {implicit: 0, pageLoad: 300000, script: 30000}, unhandledPromptBehavior: dismiss and notify, webauthn:extension:credBlob: true, webauthn:extension:largeBlob: true, webauthn:extension:minPinLength: true, webauthn:extension:prf: true, webauthn:virtualAuthenticators: true}
Session ID: 57cf31ee84db1110461ceaed15330ba8">
<![CDATA[org.openqa.selenium.NoSuchWindowException: no such window: target window already closed
from unknown error: web view not found
  (Session info: chrome=111.0.5563.64)
Build info: version: '4.8.0', revision: '267030adea'
System info: os.name: 'Mac OS X', os.arch: 'aarch64', os.version: '12.6.3', java.version: '11.0.18'
Driver info: org.openqa.selenium.chrome.ChromeDriver
Command: [57cf31ee84db1110461ceaed15330ba8, findElement {using=xpath, value=//h1[@class='a-size-base s-desktop-toolbar a-text-normal']}]
Capabilities {acceptInsecureCerts: false, browserName: chrome, browserVersion: 111.0.5563.64, chrome: {chromedriverVersion: 111.0.5563.64 (c710e93d5b63..., userDataDir: /var/folders/hr/zj84595n5x1...}, goog:chromeOptions: {debuggerAddress: localhost:50521}, networkConnectionEnabled: false, pageLoadStrategy: normal, platformName: MAC, proxy: Proxy(), se:cdp: ws://localhost:50521/devtoo..., se:cdpVersion: 111.0.5563.64, setWindowRect: true, strictFileInteractability: false, timeouts: {implicit: 0, pageLoad: 300000, script: 30000}, unhandledPromptBehavior: dismiss and notify, webauthn:extension:credBlob: true, webauthn:extension:largeBlob: true, webauthn:extension:minPinLength: true, webauthn:extension:prf: true, webauthn:virtualAuthenticators: true}
Session ID: 57cf31ee84db1110461ceaed15330ba8
	at java.base/jdk.internal.reflect.NativeConstructorAccessorImpl.newInstance0(Native Method)
	at java.base/jdk.internal.reflect.NativeConstructorAccessorImpl.newInstance(NativeConstructorAccessorImpl.java:62)
	at java.base/jdk.internal.reflect.DelegatingConstructorAccessorImpl.newInstance(DelegatingConstructorAccessorImpl.java:45)
	at java.base/java.lang.reflect.Constructor.newInstance(Constructor.java:490)
	at org.openqa.selenium.remote.codec.w3c.W3CHttpResponseCodec.createException(W3CHttpResponseCodec.java:200)
	at org.openqa.selenium.remote.codec.w3c.W3CHttpResponseCodec.decode(W3CHttpResponseCodec.java:133)
	at org.openqa.selenium.remote.codec.w3c.W3CHttpResponseCodec.decode(W3CHttpResponseCodec.java:53)
	at org.openqa.selenium.remote.HttpCommandExecutor.execute(HttpCommandExecutor.java:184)
	at org.openqa.selenium.remote.service.DriverCommandExecutor.invokeExecute(DriverCommandExecutor.java:167)
	at org.openqa.selenium.remote.service.DriverCommandExecutor.execute(DriverCommandExecutor.java:142)
	at org.openqa.selenium.remote.RemoteWebDriver.execute(RemoteWebDriver.java:543)
	at org.openqa.selenium.remote.ElementLocation$ElementFinder$2.findElement(ElementLocation.java:162)
	at org.openqa.selenium.remote.ElementLocation.findElement(ElementLocation.java:60)
	at org.openqa.selenium.remote.RemoteWebDriver.findElement(RemoteWebDriver.java:352)
	at org.openqa.selenium.remote.RemoteWebDriver.findElement(RemoteWebDriver.java:344)
	at org.openqa.selenium.support.pagefactory.DefaultElementLocator.findElement(DefaultElementLocator.java:70)
	at org.openqa.selenium.support.pagefactory.internal.LocatingElementHandler.invoke(LocatingElementHandler.java:39)
	at com.sun.proxy.$Proxy23.getText(Unknown Source)
	at stepdefinitions.Amazonstepdefinitions.sonuclarinIcerdiginiTestEder(Amazonstepdefinitions.java:74)
	at ✽.sonuclarin "Samsung" icerdigini test eder(file:///Users/bektas/IdeaProjects/CucumberFrameWork/src/test/resources/features/US1006.feature:11)
]]>
</failure>
<system-out><![CDATA[
Given kullanici "amazonUrl" anasayfaya gider................................passed
Then amazonda "Samsung" icin arama yapar....................................passed
And sonuclarin "Samsung" icerdigini test eder...............................failed
]]></system-out>
</testcase>
<testcase classname="US1006 Kullanici Scenario outline ile birden fazla kelime aratir" name="TC10 Amazon coklu urun testi - Example #1.4" time="0.017">
<failure type="org.openqa.selenium.NoSuchWindowException" message="no such window: target window already closed
from unknown error: web view not found
  (Session info: chrome=111.0.5563.64)
Build info: version: '4.8.0', revision: '267030adea'
System info: os.name: 'Mac OS X', os.arch: 'aarch64', os.version: '12.6.3', java.version: '11.0.18'
Driver info: org.openqa.selenium.chrome.ChromeDriver
Command: [57cf31ee84db1110461ceaed15330ba8, get {url=https://www.amazon.com}]
Capabilities {acceptInsecureCerts: false, browserName: chrome, browserVersion: 111.0.5563.64, chrome: {chromedriverVersion: 111.0.5563.64 (c710e93d5b63..., userDataDir: /var/folders/hr/zj84595n5x1...}, goog:chromeOptions: {debuggerAddress: localhost:50521}, networkConnectionEnabled: false, pageLoadStrategy: normal, platformName: MAC, proxy: Proxy(), se:cdp: ws://localhost:50521/devtoo..., se:cdpVersion: 111.0.5563.64, setWindowRect: true, strictFileInteractability: false, timeouts: {implicit: 0, pageLoad: 300000, script: 30000}, unhandledPromptBehavior: dismiss and notify, webauthn:extension:credBlob: true, webauthn:extension:largeBlob: true, webauthn:extension:minPinLength: true, webauthn:extension:prf: true, webauthn:virtualAuthenticators: true}
Session ID: 57cf31ee84db1110461ceaed15330ba8">
<![CDATA[org.openqa.selenium.NoSuchWindowException: no such window: target window already closed
from unknown error: web view not found
  (Session info: chrome=111.0.5563.64)
Build info: version: '4.8.0', revision: '267030adea'
System info: os.name: 'Mac OS X', os.arch: 'aarch64', os.version: '12.6.3', java.version: '11.0.18'
Driver info: org.openqa.selenium.chrome.ChromeDriver
Command: [57cf31ee84db1110461ceaed15330ba8, get {url=https://www.amazon.com}]
Capabilities {acceptInsecureCerts: false, browserName: chrome, browserVersion: 111.0.5563.64, chrome: {chromedriverVersion: 111.0.5563.64 (c710e93d5b63..., userDataDir: /var/folders/hr/zj84595n5x1...}, goog:chromeOptions: {debuggerAddress: localhost:50521}, networkConnectionEnabled: false, pageLoadStrategy: normal, platformName: MAC, proxy: Proxy(), se:cdp: ws://localhost:50521/devtoo..., se:cdpVersion: 111.0.5563.64, setWindowRect: true, strictFileInteractability: false, timeouts: {implicit: 0, pageLoad: 300000, script: 30000}, unhandledPromptBehavior: dismiss and notify, webauthn:extension:credBlob: true, webauthn:extension:largeBlob: true, webauthn:extension:minPinLength: true, webauthn:extension:prf: true, webauthn:virtualAuthenticators: true}
Session ID: 57cf31ee84db1110461ceaed15330ba8
	at java.base/jdk.internal.reflect.NativeConstructorAccessorImpl.newInstance0(Native Method)
	at java.base/jdk.internal.reflect.NativeConstructorAccessorImpl.newInstance(NativeConstructorAccessorImpl.java:62)
	at java.base/jdk.internal.reflect.DelegatingConstructorAccessorImpl.newInstance(DelegatingConstructorAccessorImpl.java:45)
	at java.base/java.lang.reflect.Constructor.newInstance(Constructor.java:490)
	at org.openqa.selenium.remote.codec.w3c.W3CHttpResponseCodec.createException(W3CHttpResponseCodec.java:200)
	at org.openqa.selenium.remote.codec.w3c.W3CHttpResponseCodec.decode(W3CHttpResponseCodec.java:133)
	at org.openqa.selenium.remote.codec.w3c.W3CHttpResponseCodec.decode(W3CHttpResponseCodec.java:53)
	at org.openqa.selenium.remote.HttpCommandExecutor.execute(HttpCommandExecutor.java:184)
	at org.openqa.selenium.remote.service.DriverCommandExecutor.invokeExecute(DriverCommandExecutor.java:167)
	at org.openqa.selenium.remote.service.DriverCommandExecutor.execute(DriverCommandExecutor.java:142)
	at org.openqa.selenium.remote.RemoteWebDriver.execute(RemoteWebDriver.java:543)
	at org.openqa.selenium.remote.RemoteWebDriver.get(RemoteWebDriver.java:297)
	at stepdefinitions.Amazonstepdefinitions.kullaniciAnasayfayaGider(Amazonstepdefinitions.java:86)
	at ✽.kullanici "amazonUrl" anasayfaya gider(file:///Users/bektas/IdeaProjects/CucumberFrameWork/src/test/resources/features/US1006.feature:9)
]]>
</failure>
<system-out><![CDATA[
Given kullanici "amazonUrl" anasayfaya gider................................failed
Then amazonda "Apple" icin arama yapar......................................skipped
And sonuclarin "Apple" icerdigini test eder.................................skipped
]]></system-out>
</testcase>
<testcase classname="US1006 Kullanici Scenario outline ile birden fazla kelime aratir" name="TC10 Amazon coklu urun testi - Example #1.5" time="0.004">
<failure type="org.openqa.selenium.NoSuchWindowException" message="no such window: target window already closed
from unknown error: web view not found
  (Session info: chrome=111.0.5563.64)
Build info: version: '4.8.0', revision: '267030adea'
System info: os.name: 'Mac OS X', os.arch: 'aarch64', os.version: '12.6.3', java.version: '11.0.18'
Driver info: org.openqa.selenium.chrome.ChromeDriver
Command: [57cf31ee84db1110461ceaed15330ba8, get {url=https://www.amazon.com}]
Capabilities {acceptInsecureCerts: false, browserName: chrome, browserVersion: 111.0.5563.64, chrome: {chromedriverVersion: 111.0.5563.64 (c710e93d5b63..., userDataDir: /var/folders/hr/zj84595n5x1...}, goog:chromeOptions: {debuggerAddress: localhost:50521}, networkConnectionEnabled: false, pageLoadStrategy: normal, platformName: MAC, proxy: Proxy(), se:cdp: ws://localhost:50521/devtoo..., se:cdpVersion: 111.0.5563.64, setWindowRect: true, strictFileInteractability: false, timeouts: {implicit: 0, pageLoad: 300000, script: 30000}, unhandledPromptBehavior: dismiss and notify, webauthn:extension:credBlob: true, webauthn:extension:largeBlob: true, webauthn:extension:minPinLength: true, webauthn:extension:prf: true, webauthn:virtualAuthenticators: true}
Session ID: 57cf31ee84db1110461ceaed15330ba8">
<![CDATA[org.openqa.selenium.NoSuchWindowException: no such window: target window already closed
from unknown error: web view not found
  (Session info: chrome=111.0.5563.64)
Build info: version: '4.8.0', revision: '267030adea'
System info: os.name: 'Mac OS X', os.arch: 'aarch64', os.version: '12.6.3', java.version: '11.0.18'
Driver info: org.openqa.selenium.chrome.ChromeDriver
Command: [57cf31ee84db1110461ceaed15330ba8, get {url=https://www.amazon.com}]
Capabilities {acceptInsecureCerts: false, browserName: chrome, browserVersion: 111.0.5563.64, chrome: {chromedriverVersion: 111.0.5563.64 (c710e93d5b63..., userDataDir: /var/folders/hr/zj84595n5x1...}, goog:chromeOptions: {debuggerAddress: localhost:50521}, networkConnectionEnabled: false, pageLoadStrategy: normal, platformName: MAC, proxy: Proxy(), se:cdp: ws://localhost:50521/devtoo..., se:cdpVersion: 111.0.5563.64, setWindowRect: true, strictFileInteractability: false, timeouts: {implicit: 0, pageLoad: 300000, script: 30000}, unhandledPromptBehavior: dismiss and notify, webauthn:extension:credBlob: true, webauthn:extension:largeBlob: true, webauthn:extension:minPinLength: true, webauthn:extension:prf: true, webauthn:virtualAuthenticators: true}
Session ID: 57cf31ee84db1110461ceaed15330ba8
	at java.base/jdk.internal.reflect.NativeConstructorAccessorImpl.newInstance0(Native Method)
	at java.base/jdk.internal.reflect.NativeConstructorAccessorImpl.newInstance(NativeConstructorAccessorImpl.java:62)
	at java.base/jdk.internal.reflect.DelegatingConstructorAccessorImpl.newInstance(DelegatingConstructorAccessorImpl.java:45)
	at java.base/java.lang.reflect.Constructor.newInstance(Constructor.java:490)
	at org.openqa.selenium.remote.codec.w3c.W3CHttpResponseCodec.createException(W3CHttpResponseCodec.java:200)
	at org.openqa.selenium.remote.codec.w3c.W3CHttpResponseCodec.decode(W3CHttpResponseCodec.java:133)
	at org.openqa.selenium.remote.codec.w3c.W3CHttpResponseCodec.decode(W3CHttpResponseCodec.java:53)
	at org.openqa.selenium.remote.HttpCommandExecutor.execute(HttpCommandExecutor.java:184)
	at org.openqa.selenium.remote.service.DriverCommandExecutor.invokeExecute(DriverCommandExecutor.java:167)
	at org.openqa.selenium.remote.service.DriverCommandExecutor.execute(DriverCommandExecutor.java:142)
	at org.openqa.selenium.remote.RemoteWebDriver.execute(RemoteWebDriver.java:543)
	at org.openqa.selenium.remote.RemoteWebDriver.get(RemoteWebDriver.java:297)
	at stepdefinitions.Amazonstepdefinitions.kullaniciAnasayfayaGider(Amazonstepdefinitions.java:86)
	at ✽.kullanici "amazonUrl" anasayfaya gider(file:///Users/bektas/IdeaProjects/CucumberFrameWork/src/test/resources/features/US1006.feature:9)
]]>
</failure>
<system-out><![CDATA[
Given kullanici "amazonUrl" anasayfaya gider................................failed
Then amazonda "Furkan" icin arama yapar.....................................skipped
And sonuclarin "Furkan" icerdigini test eder................................skipped
]]></system-out>
</testcase>
<testcase classname="US1007 Scenario Outline ile coklu negative login test" name="TC11 kullanici verilen listedeki kullanici isimleri ile giris yapamamali - Example #1.1" time="0.005">
<failure type="org.openqa.selenium.NoSuchWindowException" message="no such window: target window already closed
from unknown error: web view not found
  (Session info: chrome=111.0.5563.64)
Build info: version: '4.8.0', revision: '267030adea'
System info: os.name: 'Mac OS X', os.arch: 'aarch64', os.version: '12.6.3', java.version: '11.0.18'
Driver info: org.openqa.selenium.chrome.ChromeDriver
Command: [57cf31ee84db1110461ceaed15330ba8, get {url=https://www.qualitydemy.com}]
Capabilities {acceptInsecureCerts: false, browserName: chrome, browserVersion: 111.0.5563.64, chrome: {chromedriverVersion: 111.0.5563.64 (c710e93d5b63..., userDataDir: /var/folders/hr/zj84595n5x1...}, goog:chromeOptions: {debuggerAddress: localhost:50521}, networkConnectionEnabled: false, pageLoadStrategy: normal, platformName: MAC, proxy: Proxy(), se:cdp: ws://localhost:50521/devtoo..., se:cdpVersion: 111.0.5563.64, setWindowRect: true, strictFileInteractability: false, timeouts: {implicit: 0, pageLoad: 300000, script: 30000}, unhandledPromptBehavior: dismiss and notify, webauthn:extension:credBlob: true, webauthn:extension:largeBlob: true, webauthn:extension:minPinLength: true, webauthn:extension:prf: true, webauthn:virtualAuthenticators: true}
Session ID: 57cf31ee84db1110461ceaed15330ba8">
<![CDATA[org.openqa.selenium.NoSuchWindowException: no such window: target window already closed
from unknown error: web view not found
  (Session info: chrome=111.0.5563.64)
Build info: version: '4.8.0', revision: '267030adea'
System info: os.name: 'Mac OS X', os.arch: 'aarch64', os.version: '12.6.3', java.version: '11.0.18'
Driver info: org.openqa.selenium.chrome.ChromeDriver
Command: [57cf31ee84db1110461ceaed15330ba8, get {url=https://www.qualitydemy.com}]
Capabilities {acceptInsecureCerts: false, browserName: chrome, browserVersion: 111.0.5563.64, chrome: {chromedriverVersion: 111.0.5563.64 (c710e93d5b63..., userDataDir: /var/folders/hr/zj84595n5x1...}, goog:chromeOptions: {debuggerAddress: localhost:50521}, networkConnectionEnabled: false, pageLoadStrategy: normal, platformName: MAC, proxy: Proxy(), se:cdp: ws://localhost:50521/devtoo..., se:cdpVersion: 111.0.5563.64, setWindowRect: true, strictFileInteractability: false, timeouts: {implicit: 0, pageLoad: 300000, script: 30000}, unhandledPromptBehavior: dismiss and notify, webauthn:extension:credBlob: true, webauthn:extension:largeBlob: true, webauthn:extension:minPinLength: true, webauthn:extension:prf: true, webauthn:virtualAuthenticators: true}
Session ID: 57cf31ee84db1110461ceaed15330ba8
	at java.base/jdk.internal.reflect.NativeConstructorAccessorImpl.newInstance0(Native Method)
	at java.base/jdk.internal.reflect.NativeConstructorAccessorImpl.newInstance(NativeConstructorAccessorImpl.java:62)
	at java.base/jdk.internal.reflect.DelegatingConstructorAccessorImpl.newInstance(DelegatingConstructorAccessorImpl.java:45)
	at java.base/java.lang.reflect.Constructor.newInstance(Constructor.java:490)
	at org.openqa.selenium.remote.codec.w3c.W3CHttpResponseCodec.createException(W3CHttpResponseCodec.java:200)
	at org.openqa.selenium.remote.codec.w3c.W3CHttpResponseCodec.decode(W3CHttpResponseCodec.java:133)
	at org.openqa.selenium.remote.codec.w3c.W3CHttpResponseCodec.decode(W3CHttpResponseCodec.java:53)
	at org.openqa.selenium.remote.HttpCommandExecutor.execute(HttpCommandExecutor.java:184)
	at org.openqa.selenium.remote.service.DriverCommandExecutor.invokeExecute(DriverCommandExecutor.java:167)
	at org.openqa.selenium.remote.service.DriverCommandExecutor.execute(DriverCommandExecutor.java:142)
	at org.openqa.selenium.remote.RemoteWebDriver.execute(RemoteWebDriver.java:543)
	at org.openqa.selenium.remote.RemoteWebDriver.get(RemoteWebDriver.java:297)
	at stepdefinitions.Amazonstepdefinitions.kullaniciAnasayfayaGider(Amazonstepdefinitions.java:86)
	at ✽.kullanici "qdUrl" anasayfaya gider(file:///Users/bektas/IdeaProjects/CucumberFrameWork/src/test/resources/features/US1007.feature:7)
]]>
</failure>
<system-out><![CDATA[
Given kullanici "qdUrl" anasayfaya gider....................................failed
Then ilk login linkine tiklar...............................................skipped
And username olarak examples dan "Hasan" girer..............................skipped
And password olarak examples dan "12344" girer..............................skipped
And login butonuna basar....................................................skipped
Then giris yapilamadigini test eder.........................................skipped
And sayfayi kapatir.........................................................skipped
]]></system-out>
</testcase>
<testcase classname="US1007 Scenario Outline ile coklu negative login test" name="TC11 kullanici verilen listedeki kullanici isimleri ile giris yapamamali - Example #1.2" time="0.008">
<failure type="org.openqa.selenium.NoSuchWindowException" message="no such window: target window already closed
from unknown error: web view not found
  (Session info: chrome=111.0.5563.64)
Build info: version: '4.8.0', revision: '267030adea'
System info: os.name: 'Mac OS X', os.arch: 'aarch64', os.version: '12.6.3', java.version: '11.0.18'
Driver info: org.openqa.selenium.chrome.ChromeDriver
Command: [57cf31ee84db1110461ceaed15330ba8, get {url=https://www.qualitydemy.com}]
Capabilities {acceptInsecureCerts: false, browserName: chrome, browserVersion: 111.0.5563.64, chrome: {chromedriverVersion: 111.0.5563.64 (c710e93d5b63..., userDataDir: /var/folders/hr/zj84595n5x1...}, goog:chromeOptions: {debuggerAddress: localhost:50521}, networkConnectionEnabled: false, pageLoadStrategy: normal, platformName: MAC, proxy: Proxy(), se:cdp: ws://localhost:50521/devtoo..., se:cdpVersion: 111.0.5563.64, setWindowRect: true, strictFileInteractability: false, timeouts: {implicit: 0, pageLoad: 300000, script: 30000}, unhandledPromptBehavior: dismiss and notify, webauthn:extension:credBlob: true, webauthn:extension:largeBlob: true, webauthn:extension:minPinLength: true, webauthn:extension:prf: true, webauthn:virtualAuthenticators: true}
Session ID: 57cf31ee84db1110461ceaed15330ba8">
<![CDATA[org.openqa.selenium.NoSuchWindowException: no such window: target window already closed
from unknown error: web view not found
  (Session info: chrome=111.0.5563.64)
Build info: version: '4.8.0', revision: '267030adea'
System info: os.name: 'Mac OS X', os.arch: 'aarch64', os.version: '12.6.3', java.version: '11.0.18'
Driver info: org.openqa.selenium.chrome.ChromeDriver
Command: [57cf31ee84db1110461ceaed15330ba8, get {url=https://www.qualitydemy.com}]
Capabilities {acceptInsecureCerts: false, browserName: chrome, browserVersion: 111.0.5563.64, chrome: {chromedriverVersion: 111.0.5563.64 (c710e93d5b63..., userDataDir: /var/folders/hr/zj84595n5x1...}, goog:chromeOptions: {debuggerAddress: localhost:50521}, networkConnectionEnabled: false, pageLoadStrategy: normal, platformName: MAC, proxy: Proxy(), se:cdp: ws://localhost:50521/devtoo..., se:cdpVersion: 111.0.5563.64, setWindowRect: true, strictFileInteractability: false, timeouts: {implicit: 0, pageLoad: 300000, script: 30000}, unhandledPromptBehavior: dismiss and notify, webauthn:extension:credBlob: true, webauthn:extension:largeBlob: true, webauthn:extension:minPinLength: true, webauthn:extension:prf: true, webauthn:virtualAuthenticators: true}
Session ID: 57cf31ee84db1110461ceaed15330ba8
	at java.base/jdk.internal.reflect.NativeConstructorAccessorImpl.newInstance0(Native Method)
	at java.base/jdk.internal.reflect.NativeConstructorAccessorImpl.newInstance(NativeConstructorAccessorImpl.java:62)
	at java.base/jdk.internal.reflect.DelegatingConstructorAccessorImpl.newInstance(DelegatingConstructorAccessorImpl.java:45)
	at java.base/java.lang.reflect.Constructor.newInstance(Constructor.java:490)
	at org.openqa.selenium.remote.codec.w3c.W3CHttpResponseCodec.createException(W3CHttpResponseCodec.java:200)
	at org.openqa.selenium.remote.codec.w3c.W3CHttpResponseCodec.decode(W3CHttpResponseCodec.java:133)
	at org.openqa.selenium.remote.codec.w3c.W3CHttpResponseCodec.decode(W3CHttpResponseCodec.java:53)
	at org.openqa.selenium.remote.HttpCommandExecutor.execute(HttpCommandExecutor.java:184)
	at org.openqa.selenium.remote.service.DriverCommandExecutor.invokeExecute(DriverCommandExecutor.java:167)
	at org.openqa.selenium.remote.service.DriverCommandExecutor.execute(DriverCommandExecutor.java:142)
	at org.openqa.selenium.remote.RemoteWebDriver.execute(RemoteWebDriver.java:543)
	at org.openqa.selenium.remote.RemoteWebDriver.get(RemoteWebDriver.java:297)
	at stepdefinitions.Amazonstepdefinitions.kullaniciAnasayfayaGider(Amazonstepdefinitions.java:86)
	at ✽.kullanici "qdUrl" anasayfaya gider(file:///Users/bektas/IdeaProjects/CucumberFrameWork/src/test/resources/features/US1007.feature:7)
]]>
</failure>
<system-out><![CDATA[
Given kullanici "qdUrl" anasayfaya gider....................................failed
Then ilk login linkine tiklar...............................................skipped
And username olarak examples dan "Said" girer...............................skipped
And password olarak examples dan "645363" girer.............................skipped
And login butonuna basar....................................................skipped
Then giris yapilamadigini test eder.........................................skipped
And sayfayi kapatir.........................................................skipped
]]></system-out>
</testcase>
<testcase classname="US1007 Scenario Outline ile coklu negative login test" name="TC11 kullanici verilen listedeki kullanici isimleri ile giris yapamamali - Example #1.3" time="0.005">
<failure type="org.openqa.selenium.NoSuchWindowException" message="no such window: target window already closed
from unknown error: web view not found
  (Session info: chrome=111.0.5563.64)
Build info: version: '4.8.0', revision: '267030adea'
System info: os.name: 'Mac OS X', os.arch: 'aarch64', os.version: '12.6.3', java.version: '11.0.18'
Driver info: org.openqa.selenium.chrome.ChromeDriver
Command: [57cf31ee84db1110461ceaed15330ba8, get {url=https://www.qualitydemy.com}]
Capabilities {acceptInsecureCerts: false, browserName: chrome, browserVersion: 111.0.5563.64, chrome: {chromedriverVersion: 111.0.5563.64 (c710e93d5b63..., userDataDir: /var/folders/hr/zj84595n5x1...}, goog:chromeOptions: {debuggerAddress: localhost:50521}, networkConnectionEnabled: false, pageLoadStrategy: normal, platformName: MAC, proxy: Proxy(), se:cdp: ws://localhost:50521/devtoo..., se:cdpVersion: 111.0.5563.64, setWindowRect: true, strictFileInteractability: false, timeouts: {implicit: 0, pageLoad: 300000, script: 30000}, unhandledPromptBehavior: dismiss and notify, webauthn:extension:credBlob: true, webauthn:extension:largeBlob: true, webauthn:extension:minPinLength: true, webauthn:extension:prf: true, webauthn:virtualAuthenticators: true}
Session ID: 57cf31ee84db1110461ceaed15330ba8">
<![CDATA[org.openqa.selenium.NoSuchWindowException: no such window: target window already closed
from unknown error: web view not found
  (Session info: chrome=111.0.5563.64)
Build info: version: '4.8.0', revision: '267030adea'
System info: os.name: 'Mac OS X', os.arch: 'aarch64', os.version: '12.6.3', java.version: '11.0.18'
Driver info: org.openqa.selenium.chrome.ChromeDriver
Command: [57cf31ee84db1110461ceaed15330ba8, get {url=https://www.qualitydemy.com}]
Capabilities {acceptInsecureCerts: false, browserName: chrome, browserVersion: 111.0.5563.64, chrome: {chromedriverVersion: 111.0.5563.64 (c710e93d5b63..., userDataDir: /var/folders/hr/zj84595n5x1...}, goog:chromeOptions: {debuggerAddress: localhost:50521}, networkConnectionEnabled: false, pageLoadStrategy: normal, platformName: MAC, proxy: Proxy(), se:cdp: ws://localhost:50521/devtoo..., se:cdpVersion: 111.0.5563.64, setWindowRect: true, strictFileInteractability: false, timeouts: {implicit: 0, pageLoad: 300000, script: 30000}, unhandledPromptBehavior: dismiss and notify, webauthn:extension:credBlob: true, webauthn:extension:largeBlob: true, webauthn:extension:minPinLength: true, webauthn:extension:prf: true, webauthn:virtualAuthenticators: true}
Session ID: 57cf31ee84db1110461ceaed15330ba8
	at java.base/jdk.internal.reflect.NativeConstructorAccessorImpl.newInstance0(Native Method)
	at java.base/jdk.internal.reflect.NativeConstructorAccessorImpl.newInstance(NativeConstructorAccessorImpl.java:62)
	at java.base/jdk.internal.reflect.DelegatingConstructorAccessorImpl.newInstance(DelegatingConstructorAccessorImpl.java:45)
	at java.base/java.lang.reflect.Constructor.newInstance(Constructor.java:490)
	at org.openqa.selenium.remote.codec.w3c.W3CHttpResponseCodec.createException(W3CHttpResponseCodec.java:200)
	at org.openqa.selenium.remote.codec.w3c.W3CHttpResponseCodec.decode(W3CHttpResponseCodec.java:133)
	at org.openqa.selenium.remote.codec.w3c.W3CHttpResponseCodec.decode(W3CHttpResponseCodec.java:53)
	at org.openqa.selenium.remote.HttpCommandExecutor.execute(HttpCommandExecutor.java:184)
	at org.openqa.selenium.remote.service.DriverCommandExecutor.invokeExecute(DriverCommandExecutor.java:167)
	at org.openqa.selenium.remote.service.DriverCommandExecutor.execute(DriverCommandExecutor.java:142)
	at org.openqa.selenium.remote.RemoteWebDriver.execute(RemoteWebDriver.java:543)
	at org.openqa.selenium.remote.RemoteWebDriver.get(RemoteWebDriver.java:297)
	at stepdefinitions.Amazonstepdefinitions.kullaniciAnasayfayaGider(Amazonstepdefinitions.java:86)
	at ✽.kullanici "qdUrl" anasayfaya gider(file:///Users/bektas/IdeaProjects/CucumberFrameWork/src/test/resources/features/US1007.feature:7)
]]>
</failure>
<system-out><![CDATA[
Given kullanici "qdUrl" anasayfaya gider....................................failed
Then ilk login linkine tiklar...............................................skipped
And username olarak examples dan "Eyup" girer...............................skipped
And password olarak examples dan "jskdbvk" girer............................skipped
And login butonuna basar....................................................skipped
Then giris yapilamadigini test eder.........................................skipped
And sayfayi kapatir.........................................................skipped
]]></system-out>
</testcase>
<testcase classname="US1007 Scenario Outline ile coklu negative login test" name="TC11 kullanici verilen listedeki kullanici isimleri ile giris yapamamali - Example #1.4" time="0.004">
<failure type="org.openqa.selenium.NoSuchWindowException" message="no such window: target window already closed
from unknown error: web view not found
  (Session info: chrome=111.0.5563.64)
Build info: version: '4.8.0', revision: '267030adea'
System info: os.name: 'Mac OS X', os.arch: 'aarch64', os.version: '12.6.3', java.version: '11.0.18'
Driver info: org.openqa.selenium.chrome.ChromeDriver
Command: [57cf31ee84db1110461ceaed15330ba8, get {url=https://www.qualitydemy.com}]
Capabilities {acceptInsecureCerts: false, browserName: chrome, browserVersion: 111.0.5563.64, chrome: {chromedriverVersion: 111.0.5563.64 (c710e93d5b63..., userDataDir: /var/folders/hr/zj84595n5x1...}, goog:chromeOptions: {debuggerAddress: localhost:50521}, networkConnectionEnabled: false, pageLoadStrategy: normal, platformName: MAC, proxy: Proxy(), se:cdp: ws://localhost:50521/devtoo..., se:cdpVersion: 111.0.5563.64, setWindowRect: true, strictFileInteractability: false, timeouts: {implicit: 0, pageLoad: 300000, script: 30000}, unhandledPromptBehavior: dismiss and notify, webauthn:extension:credBlob: true, webauthn:extension:largeBlob: true, webauthn:extension:minPinLength: true, webauthn:extension:prf: true, webauthn:virtualAuthenticators: true}
Session ID: 57cf31ee84db1110461ceaed15330ba8">
<![CDATA[org.openqa.selenium.NoSuchWindowException: no such window: target window already closed
from unknown error: web view not found
  (Session info: chrome=111.0.5563.64)
Build info: version: '4.8.0', revision: '267030adea'
System info: os.name: 'Mac OS X', os.arch: 'aarch64', os.version: '12.6.3', java.version: '11.0.18'
Driver info: org.openqa.selenium.chrome.ChromeDriver
Command: [57cf31ee84db1110461ceaed15330ba8, get {url=https://www.qualitydemy.com}]
Capabilities {acceptInsecureCerts: false, browserName: chrome, browserVersion: 111.0.5563.64, chrome: {chromedriverVersion: 111.0.5563.64 (c710e93d5b63..., userDataDir: /var/folders/hr/zj84595n5x1...}, goog:chromeOptions: {debuggerAddress: localhost:50521}, networkConnectionEnabled: false, pageLoadStrategy: normal, platformName: MAC, proxy: Proxy(), se:cdp: ws://localhost:50521/devtoo..., se:cdpVersion: 111.0.5563.64, setWindowRect: true, strictFileInteractability: false, timeouts: {implicit: 0, pageLoad: 300000, script: 30000}, unhandledPromptBehavior: dismiss and notify, webauthn:extension:credBlob: true, webauthn:extension:largeBlob: true, webauthn:extension:minPinLength: true, webauthn:extension:prf: true, webauthn:virtualAuthenticators: true}
Session ID: 57cf31ee84db1110461ceaed15330ba8
	at java.base/jdk.internal.reflect.NativeConstructorAccessorImpl.newInstance0(Native Method)
	at java.base/jdk.internal.reflect.NativeConstructorAccessorImpl.newInstance(NativeConstructorAccessorImpl.java:62)
	at java.base/jdk.internal.reflect.DelegatingConstructorAccessorImpl.newInstance(DelegatingConstructorAccessorImpl.java:45)
	at java.base/java.lang.reflect.Constructor.newInstance(Constructor.java:490)
	at org.openqa.selenium.remote.codec.w3c.W3CHttpResponseCodec.createException(W3CHttpResponseCodec.java:200)
	at org.openqa.selenium.remote.codec.w3c.W3CHttpResponseCodec.decode(W3CHttpResponseCodec.java:133)
	at org.openqa.selenium.remote.codec.w3c.W3CHttpResponseCodec.decode(W3CHttpResponseCodec.java:53)
	at org.openqa.selenium.remote.HttpCommandExecutor.execute(HttpCommandExecutor.java:184)
	at org.openqa.selenium.remote.service.DriverCommandExecutor.invokeExecute(DriverCommandExecutor.java:167)
	at org.openqa.selenium.remote.service.DriverCommandExecutor.execute(DriverCommandExecutor.java:142)
	at org.openqa.selenium.remote.RemoteWebDriver.execute(RemoteWebDriver.java:543)
	at org.openqa.selenium.remote.RemoteWebDriver.get(RemoteWebDriver.java:297)
	at stepdefinitions.Amazonstepdefinitions.kullaniciAnasayfayaGider(Amazonstepdefinitions.java:86)
	at ✽.kullanici "qdUrl" anasayfaya gider(file:///Users/bektas/IdeaProjects/CucumberFrameWork/src/test/resources/features/US1007.feature:7)
]]>
</failure>
<system-out><![CDATA[
Given kullanici "qdUrl" anasayfaya gider....................................failed
Then ilk login linkine tiklar...............................................skipped
And username olarak examples dan "Fidan" girer..............................skipped
And password olarak examples dan "ytefv86" girer............................skipped
And login butonuna basar....................................................skipped
Then giris yapilamadigini test eder.........................................skipped
And sayfayi kapatir.........................................................skipped
]]></system-out>
</testcase>
<testcase classname="US1008 gecerli kullanici adi ve sifre ile sisteme giris" name="TC12 Gecerli username ve password ile basarili giris yapilabilmeli" time="0.005">
<failure type="org.openqa.selenium.NoSuchWindowException" message="no such window: target window already closed
from unknown error: web view not found
  (Session info: chrome=111.0.5563.64)
Build info: version: '4.8.0', revision: '267030adea'
System info: os.name: 'Mac OS X', os.arch: 'aarch64', os.version: '12.6.3', java.version: '11.0.18'
Driver info: org.openqa.selenium.chrome.ChromeDriver
Command: [57cf31ee84db1110461ceaed15330ba8, get {url=https://www.qualitydemy.com}]
Capabilities {acceptInsecureCerts: false, browserName: chrome, browserVersion: 111.0.5563.64, chrome: {chromedriverVersion: 111.0.5563.64 (c710e93d5b63..., userDataDir: /var/folders/hr/zj84595n5x1...}, goog:chromeOptions: {debuggerAddress: localhost:50521}, networkConnectionEnabled: false, pageLoadStrategy: normal, platformName: MAC, proxy: Proxy(), se:cdp: ws://localhost:50521/devtoo..., se:cdpVersion: 111.0.5563.64, setWindowRect: true, strictFileInteractability: false, timeouts: {implicit: 0, pageLoad: 300000, script: 30000}, unhandledPromptBehavior: dismiss and notify, webauthn:extension:credBlob: true, webauthn:extension:largeBlob: true, webauthn:extension:minPinLength: true, webauthn:extension:prf: true, webauthn:virtualAuthenticators: true}
Session ID: 57cf31ee84db1110461ceaed15330ba8">
<![CDATA[org.openqa.selenium.NoSuchWindowException: no such window: target window already closed
from unknown error: web view not found
  (Session info: chrome=111.0.5563.64)
Build info: version: '4.8.0', revision: '267030adea'
System info: os.name: 'Mac OS X', os.arch: 'aarch64', os.version: '12.6.3', java.version: '11.0.18'
Driver info: org.openqa.selenium.chrome.ChromeDriver
Command: [57cf31ee84db1110461ceaed15330ba8, get {url=https://www.qualitydemy.com}]
Capabilities {acceptInsecureCerts: false, browserName: chrome, browserVersion: 111.0.5563.64, chrome: {chromedriverVersion: 111.0.5563.64 (c710e93d5b63..., userDataDir: /var/folders/hr/zj84595n5x1...}, goog:chromeOptions: {debuggerAddress: localhost:50521}, networkConnectionEnabled: false, pageLoadStrategy: normal, platformName: MAC, proxy: Proxy(), se:cdp: ws://localhost:50521/devtoo..., se:cdpVersion: 111.0.5563.64, setWindowRect: true, strictFileInteractability: false, timeouts: {implicit: 0, pageLoad: 300000, script: 30000}, unhandledPromptBehavior: dismiss and notify, webauthn:extension:credBlob: true, webauthn:extension:largeBlob: true, webauthn:extension:minPinLength: true, webauthn:extension:prf: true, webauthn:virtualAuthenticators: true}
Session ID: 57cf31ee84db1110461ceaed15330ba8
	at java.base/jdk.internal.reflect.NativeConstructorAccessorImpl.newInstance0(Native Method)
	at java.base/jdk.internal.reflect.NativeConstructorAccessorImpl.newInstance(NativeConstructorAccessorImpl.java:62)
	at java.base/jdk.internal.reflect.DelegatingConstructorAccessorImpl.newInstance(DelegatingConstructorAccessorImpl.java:45)
	at java.base/java.lang.reflect.Constructor.newInstance(Constructor.java:490)
	at org.openqa.selenium.remote.codec.w3c.W3CHttpResponseCodec.createException(W3CHttpResponseCodec.java:200)
	at org.openqa.selenium.remote.codec.w3c.W3CHttpResponseCodec.decode(W3CHttpResponseCodec.java:133)
	at org.openqa.selenium.remote.codec.w3c.W3CHttpResponseCodec.decode(W3CHttpResponseCodec.java:53)
	at org.openqa.selenium.remote.HttpCommandExecutor.execute(HttpCommandExecutor.java:184)
	at org.openqa.selenium.remote.service.DriverCommandExecutor.invokeExecute(DriverCommandExecutor.java:167)
	at org.openqa.selenium.remote.service.DriverCommandExecutor.execute(DriverCommandExecutor.java:142)
	at org.openqa.selenium.remote.RemoteWebDriver.execute(RemoteWebDriver.java:543)
	at org.openqa.selenium.remote.RemoteWebDriver.get(RemoteWebDriver.java:297)
	at stepdefinitions.Amazonstepdefinitions.kullaniciAnasayfayaGider(Amazonstepdefinitions.java:86)
	at ✽.kullanici "qdUrl" anasayfaya gider(file:///Users/bektas/IdeaProjects/CucumberFrameWork/src/test/resources/features/US1008.feature:7)
]]>
</failure>
<system-out><![CDATA[
Given kullanici "qdUrl" anasayfaya gider....................................failed
Then ilk login linkine tiklar...............................................skipped
And username olarak "qdGecerliUsername" girer...............................skipped
And password olarak "qdGecerliPassword" girer...............................skipped
And 10 saniye bekler........................................................skipped
And login butonuna basar....................................................skipped
Then basarili olarak giris yapildigini test eder............................skipped
And sayfayi kapatir.........................................................skipped
]]></system-out>
</testcase>
<testcase classname="US1009 Herokuapp implicitly wait" name="TC13 kullanici implicitly wait ile gorevleri yapabilmeli" time="0.005">
<failure type="org.openqa.selenium.NoSuchWindowException" message="no such window: target window already closed
from unknown error: web view not found
  (Session info: chrome=111.0.5563.64)
Build info: version: '4.8.0', revision: '267030adea'
System info: os.name: 'Mac OS X', os.arch: 'aarch64', os.version: '12.6.3', java.version: '11.0.18'
Driver info: org.openqa.selenium.chrome.ChromeDriver
Command: [57cf31ee84db1110461ceaed15330ba8, get {url=https://the-internet.herokuapp.com/add_remove_elements/}]
Capabilities {acceptInsecureCerts: false, browserName: chrome, browserVersion: 111.0.5563.64, chrome: {chromedriverVersion: 111.0.5563.64 (c710e93d5b63..., userDataDir: /var/folders/hr/zj84595n5x1...}, goog:chromeOptions: {debuggerAddress: localhost:50521}, networkConnectionEnabled: false, pageLoadStrategy: normal, platformName: MAC, proxy: Proxy(), se:cdp: ws://localhost:50521/devtoo..., se:cdpVersion: 111.0.5563.64, setWindowRect: true, strictFileInteractability: false, timeouts: {implicit: 0, pageLoad: 300000, script: 30000}, unhandledPromptBehavior: dismiss and notify, webauthn:extension:credBlob: true, webauthn:extension:largeBlob: true, webauthn:extension:minPinLength: true, webauthn:extension:prf: true, webauthn:virtualAuthenticators: true}
Session ID: 57cf31ee84db1110461ceaed15330ba8">
<![CDATA[org.openqa.selenium.NoSuchWindowException: no such window: target window already closed
from unknown error: web view not found
  (Session info: chrome=111.0.5563.64)
Build info: version: '4.8.0', revision: '267030adea'
System info: os.name: 'Mac OS X', os.arch: 'aarch64', os.version: '12.6.3', java.version: '11.0.18'
Driver info: org.openqa.selenium.chrome.ChromeDriver
Command: [57cf31ee84db1110461ceaed15330ba8, get {url=https://the-internet.herokuapp.com/add_remove_elements/}]
Capabilities {acceptInsecureCerts: false, browserName: chrome, browserVersion: 111.0.5563.64, chrome: {chromedriverVersion: 111.0.5563.64 (c710e93d5b63..., userDataDir: /var/folders/hr/zj84595n5x1...}, goog:chromeOptions: {debuggerAddress: localhost:50521}, networkConnectionEnabled: false, pageLoadStrategy: normal, platformName: MAC, proxy: Proxy(), se:cdp: ws://localhost:50521/devtoo..., se:cdpVersion: 111.0.5563.64, setWindowRect: true, strictFileInteractability: false, timeouts: {implicit: 0, pageLoad: 300000, script: 30000}, unhandledPromptBehavior: dismiss and notify, webauthn:extension:credBlob: true, webauthn:extension:largeBlob: true, webauthn:extension:minPinLength: true, webauthn:extension:prf: true, webauthn:virtualAuthenticators: true}
Session ID: 57cf31ee84db1110461ceaed15330ba8
	at jdk.internal.reflect.GeneratedConstructorAccessor21.newInstance(Unknown Source)
	at java.base/jdk.internal.reflect.DelegatingConstructorAccessorImpl.newInstance(DelegatingConstructorAccessorImpl.java:45)
	at java.base/java.lang.reflect.Constructor.newInstance(Constructor.java:490)
	at org.openqa.selenium.remote.codec.w3c.W3CHttpResponseCodec.createException(W3CHttpResponseCodec.java:200)
	at org.openqa.selenium.remote.codec.w3c.W3CHttpResponseCodec.decode(W3CHttpResponseCodec.java:133)
	at org.openqa.selenium.remote.codec.w3c.W3CHttpResponseCodec.decode(W3CHttpResponseCodec.java:53)
	at org.openqa.selenium.remote.HttpCommandExecutor.execute(HttpCommandExecutor.java:184)
	at org.openqa.selenium.remote.service.DriverCommandExecutor.invokeExecute(DriverCommandExecutor.java:167)
	at org.openqa.selenium.remote.service.DriverCommandExecutor.execute(DriverCommandExecutor.java:142)
	at org.openqa.selenium.remote.RemoteWebDriver.execute(RemoteWebDriver.java:543)
	at org.openqa.selenium.remote.RemoteWebDriver.get(RemoteWebDriver.java:297)
	at stepdefinitions.Amazonstepdefinitions.kullaniciAnasayfayaGider(Amazonstepdefinitions.java:86)
	at ✽.kullanici "herokuUrl" anasayfaya gider(file:///Users/bektas/IdeaProjects/CucumberFrameWork/src/test/resources/features/US1009.feature:7)
]]>
</failure>
<system-out><![CDATA[
Given kullanici "herokuUrl" anasayfaya gider................................failed
Then AddElement butonuna basar..............................................skipped
And Delete butonu gorunur oluncaya kadar bekler.............................skipped
Then Delete butonunun gorunur oldugunu test eder............................skipped
And Delete butonuna basarak butonu siler....................................skipped
Then Delete butonunun gorunmedigini test eder...............................skipped
]]></system-out>
</testcase>
<testcase classname="US1010 WebUniversity Testi" name="TC14 Webuniversity sayfasinda istenen gorevleri yapar" time="0.006">
<failure type="org.openqa.selenium.NoSuchWindowException" message="no such window: target window already closed
from unknown error: web view not found
  (Session info: chrome=111.0.5563.64)
Build info: version: '4.8.0', revision: '267030adea'
System info: os.name: 'Mac OS X', os.arch: 'aarch64', os.version: '12.6.3', java.version: '11.0.18'
Driver info: org.openqa.selenium.chrome.ChromeDriver
Command: [57cf31ee84db1110461ceaed15330ba8, get {url=http://webdriveruniversity.com/}]
Capabilities {acceptInsecureCerts: false, browserName: chrome, browserVersion: 111.0.5563.64, chrome: {chromedriverVersion: 111.0.5563.64 (c710e93d5b63..., userDataDir: /var/folders/hr/zj84595n5x1...}, goog:chromeOptions: {debuggerAddress: localhost:50521}, networkConnectionEnabled: false, pageLoadStrategy: normal, platformName: MAC, proxy: Proxy(), se:cdp: ws://localhost:50521/devtoo..., se:cdpVersion: 111.0.5563.64, setWindowRect: true, strictFileInteractability: false, timeouts: {implicit: 0, pageLoad: 300000, script: 30000}, unhandledPromptBehavior: dismiss and notify, webauthn:extension:credBlob: true, webauthn:extension:largeBlob: true, webauthn:extension:minPinLength: true, webauthn:extension:prf: true, webauthn:virtualAuthenticators: true}
Session ID: 57cf31ee84db1110461ceaed15330ba8">
<![CDATA[org.openqa.selenium.NoSuchWindowException: no such window: target window already closed
from unknown error: web view not found
  (Session info: chrome=111.0.5563.64)
Build info: version: '4.8.0', revision: '267030adea'
System info: os.name: 'Mac OS X', os.arch: 'aarch64', os.version: '12.6.3', java.version: '11.0.18'
Driver info: org.openqa.selenium.chrome.ChromeDriver
Command: [57cf31ee84db1110461ceaed15330ba8, get {url=http://webdriveruniversity.com/}]
Capabilities {acceptInsecureCerts: false, browserName: chrome, browserVersion: 111.0.5563.64, chrome: {chromedriverVersion: 111.0.5563.64 (c710e93d5b63..., userDataDir: /var/folders/hr/zj84595n5x1...}, goog:chromeOptions: {debuggerAddress: localhost:50521}, networkConnectionEnabled: false, pageLoadStrategy: normal, platformName: MAC, proxy: Proxy(), se:cdp: ws://localhost:50521/devtoo..., se:cdpVersion: 111.0.5563.64, setWindowRect: true, strictFileInteractability: false, timeouts: {implicit: 0, pageLoad: 300000, script: 30000}, unhandledPromptBehavior: dismiss and notify, webauthn:extension:credBlob: true, webauthn:extension:largeBlob: true, webauthn:extension:minPinLength: true, webauthn:extension:prf: true, webauthn:virtualAuthenticators: true}
Session ID: 57cf31ee84db1110461ceaed15330ba8
	at jdk.internal.reflect.GeneratedConstructorAccessor21.newInstance(Unknown Source)
	at java.base/jdk.internal.reflect.DelegatingConstructorAccessorImpl.newInstance(DelegatingConstructorAccessorImpl.java:45)
	at java.base/java.lang.reflect.Constructor.newInstance(Constructor.java:490)
	at org.openqa.selenium.remote.codec.w3c.W3CHttpResponseCodec.createException(W3CHttpResponseCodec.java:200)
	at org.openqa.selenium.remote.codec.w3c.W3CHttpResponseCodec.decode(W3CHttpResponseCodec.java:133)
	at org.openqa.selenium.remote.codec.w3c.W3CHttpResponseCodec.decode(W3CHttpResponseCodec.java:53)
	at org.openqa.selenium.remote.HttpCommandExecutor.execute(HttpCommandExecutor.java:184)
	at org.openqa.selenium.remote.service.DriverCommandExecutor.invokeExecute(DriverCommandExecutor.java:167)
	at org.openqa.selenium.remote.service.DriverCommandExecutor.execute(DriverCommandExecutor.java:142)
	at org.openqa.selenium.remote.RemoteWebDriver.execute(RemoteWebDriver.java:543)
	at org.openqa.selenium.remote.RemoteWebDriver.get(RemoteWebDriver.java:297)
	at stepdefinitions.Amazonstepdefinitions.kullaniciAnasayfayaGider(Amazonstepdefinitions.java:86)
	at ✽.kullanici "webUrl" anasayfaya gider(file:///Users/bektas/IdeaProjects/CucumberFrameWork/src/test/resources/features/US1010.feature:6)
]]>
</failure>
<system-out><![CDATA[
Given kullanici "webUrl" anasayfaya gider...................................failed
Then Login Portal gorununceye kadar asagi iner..............................skipped
And 2 saniye bekler.........................................................skipped
And Login Portal butonuna tiklar............................................skipped
And acilan ikinci window'a gecer............................................skipped
And Username kutusuna deger yazdirir........................................skipped
And Password kutusuna deger yazdirir........................................skipped
And 4 saniye bekler.........................................................skipped
Then webUniversity login butonuna basar.....................................skipped
And Popup'ta cikan yazinin validation failed oldugunu test eder.............skipped
And Ok diyerek Popup'i kapatir..............................................skipped
Then Ilk sayfaya geri doner.................................................skipped
And Ilk sayfaya donuldugunu test eder.......................................skipped
]]></system-out>
</testcase>
<testcase classname="US1011 demoqa sayfasinda istenen gorevler" name="TC15 kullanici istenen gorevleri yapabilmeli" time="0.006">
<failure type="org.openqa.selenium.NoSuchWindowException" message="no such window: target window already closed
from unknown error: web view not found
  (Session info: chrome=111.0.5563.64)
Build info: version: '4.8.0', revision: '267030adea'
System info: os.name: 'Mac OS X', os.arch: 'aarch64', os.version: '12.6.3', java.version: '11.0.18'
Driver info: org.openqa.selenium.chrome.ChromeDriver
Command: [57cf31ee84db1110461ceaed15330ba8, get {url=https://demoqa.com/browser-windows}]
Capabilities {acceptInsecureCerts: false, browserName: chrome, browserVersion: 111.0.5563.64, chrome: {chromedriverVersion: 111.0.5563.64 (c710e93d5b63..., userDataDir: /var/folders/hr/zj84595n5x1...}, goog:chromeOptions: {debuggerAddress: localhost:50521}, networkConnectionEnabled: false, pageLoadStrategy: normal, platformName: MAC, proxy: Proxy(), se:cdp: ws://localhost:50521/devtoo..., se:cdpVersion: 111.0.5563.64, setWindowRect: true, strictFileInteractability: false, timeouts: {implicit: 0, pageLoad: 300000, script: 30000}, unhandledPromptBehavior: dismiss and notify, webauthn:extension:credBlob: true, webauthn:extension:largeBlob: true, webauthn:extension:minPinLength: true, webauthn:extension:prf: true, webauthn:virtualAuthenticators: true}
Session ID: 57cf31ee84db1110461ceaed15330ba8">
<![CDATA[org.openqa.selenium.NoSuchWindowException: no such window: target window already closed
from unknown error: web view not found
  (Session info: chrome=111.0.5563.64)
Build info: version: '4.8.0', revision: '267030adea'
System info: os.name: 'Mac OS X', os.arch: 'aarch64', os.version: '12.6.3', java.version: '11.0.18'
Driver info: org.openqa.selenium.chrome.ChromeDriver
Command: [57cf31ee84db1110461ceaed15330ba8, get {url=https://demoqa.com/browser-windows}]
Capabilities {acceptInsecureCerts: false, browserName: chrome, browserVersion: 111.0.5563.64, chrome: {chromedriverVersion: 111.0.5563.64 (c710e93d5b63..., userDataDir: /var/folders/hr/zj84595n5x1...}, goog:chromeOptions: {debuggerAddress: localhost:50521}, networkConnectionEnabled: false, pageLoadStrategy: normal, platformName: MAC, proxy: Proxy(), se:cdp: ws://localhost:50521/devtoo..., se:cdpVersion: 111.0.5563.64, setWindowRect: true, strictFileInteractability: false, timeouts: {implicit: 0, pageLoad: 300000, script: 30000}, unhandledPromptBehavior: dismiss and notify, webauthn:extension:credBlob: true, webauthn:extension:largeBlob: true, webauthn:extension:minPinLength: true, webauthn:extension:prf: true, webauthn:virtualAuthenticators: true}
Session ID: 57cf31ee84db1110461ceaed15330ba8
	at jdk.internal.reflect.GeneratedConstructorAccessor21.newInstance(Unknown Source)
	at java.base/jdk.internal.reflect.DelegatingConstructorAccessorImpl.newInstance(DelegatingConstructorAccessorImpl.java:45)
	at java.base/java.lang.reflect.Constructor.newInstance(Constructor.java:490)
	at org.openqa.selenium.remote.codec.w3c.W3CHttpResponseCodec.createException(W3CHttpResponseCodec.java:200)
	at org.openqa.selenium.remote.codec.w3c.W3CHttpResponseCodec.decode(W3CHttpResponseCodec.java:133)
	at org.openqa.selenium.remote.codec.w3c.W3CHttpResponseCodec.decode(W3CHttpResponseCodec.java:53)
	at org.openqa.selenium.remote.HttpCommandExecutor.execute(HttpCommandExecutor.java:184)
	at org.openqa.selenium.remote.service.DriverCommandExecutor.invokeExecute(DriverCommandExecutor.java:167)
	at org.openqa.selenium.remote.service.DriverCommandExecutor.execute(DriverCommandExecutor.java:142)
	at org.openqa.selenium.remote.RemoteWebDriver.execute(RemoteWebDriver.java:543)
	at org.openqa.selenium.remote.RemoteWebDriver.get(RemoteWebDriver.java:297)
	at stepdefinitions.Amazonstepdefinitions.kullaniciAnasayfayaGider(Amazonstepdefinitions.java:86)
	at ✽.kullanici "demoqaUrl" anasayfaya gider(file:///Users/bektas/IdeaProjects/CucumberFrameWork/src/test/resources/features/US1011.feature:7)
]]>
</failure>
<system-out><![CDATA[
Given kullanici "demoqaUrl" anasayfaya gider................................failed
And 3 saniye bekler.........................................................skipped
Then Alerts sekmesine tiklar................................................skipped
And ustten ikinci click me butonuna basar...................................skipped
And Allert in gorunur olmasini bekler.......................................skipped
Then Allert uzerindeki yazinin "This alert appeared after 5 seconds" oldugunu test eder.skipped
And Ok diyerek alerti kapatir...............................................skipped
]]></system-out>
</testcase>
</testsuite>
